-------------------------------------------------------------------------------
Test set: TestSuite
-------------------------------------------------------------------------------
Tests run: 1, Failures: 1, Errors: 0, Skipped: 0, Time elapsed: 16.388 s <<< FAILURE! - in TestSuite
TC_0001.loginTest  Time elapsed: 14.251 s  <<< FAILURE!
java.lang.AssertionError: expected [true] but found [false]
	at TC_0001.loginTest(TC_0001.java:24)

